<?xml version="1.0" encoding="UTF-8"?>
<testsuite name="MainTest" tests="4" skipped="0" failures="0" errors="0" timestamp="2021-12-06T16:20:56" hostname="MacBook-Pro-2" time="0.05">
  <properties/>
  <testcase name="part two using sample data for 256 days()" classname="MainTest" time="0.042"/>
  <testcase name="part one using sample data for 80 days()" classname="MainTest" time="0.001"/>
  <testcase name="day 5 part one()" classname="MainTest" time="0.002"/>
  <testcase name="day 5 part two()" classname="MainTest" time="0.003"/>
  <system-out><![CDATA[]]></system-out>
  <system-err><![CDATA[]]></system-err>
</testsuite>
