<?xml version="1.0" encoding="UTF-8"?>
<testsuite name="MainTest" tests="1" skipped="0" failures="0" errors="0" timestamp="2021-11-16T22:03:50" hostname="MacBook-Pro-2" time="0.019">
  <properties/>
  <testcase name="one equals one()" classname="MainTest" time="0.019"/>
  <system-out><![CDATA[]]></system-out>
  <system-err><![CDATA[]]></system-err>
</testsuite>
